<?xml version="1.0" encoding="UTF-8"?>
<!-- Generated by org.testng.reporters.JUnitXMLReporter -->
<testsuite hostname="jatin-X541UJ" ignored="0" name="Default test" tests="4" failures="0" timestamp="11 Mar 2018 17:49:31 GMT" time="68.165" errors="0">
  <testcase name="Bus_Search_del" time="16.203" classname="Redbus.Bus_Search"/>
  <testcase name="Bus_Search_del" time="17.689" classname="Redbus.Bus_Search"/>
  <testcase name="Bus_Search_del" time="18.442" classname="Redbus.Bus_Search"/>
  <testcase name="Bus_Search_del" time="15.235" classname="Redbus.Bus_Search"/>
</testsuite> <!-- Default test -->
